<?xml version="1.0" encoding="UTF-8"?>
<!-- Generated by org.testng.reporters.JUnitReportReporter -->
<testsuite hostname="DESKTOP-U7BHDIR" failures="0" tests="1" name="fb" time="5.444" errors="0" timestamp="2024-01-04T15:17:48 IST" skipped="0">
  <testcase classname="fb" name="ab" time="5.444"/>
  <system-out/>
</testsuite> <!-- fb -->
